<?xml version="1.0" encoding="UTF-8"?>
<!-- Generated by org.testng.reporters.JUnitXMLReporter -->
<testsuite ignored="0" hostname="JoJoZ" failures="2" tests="6" name="Add New Employee" time="78.999" errors="0" timestamp="2025-05-15T20:12:08 IST">
  <testcase classname="com.orangehrm.com.orangehrm.AddEmployeePIM" name="addNewEmployee" time="6.283"/>
  <testcase classname="com.orangehrm.com.orangehrm.AddEmployeePIM" name="ViewEmployeedetails" time="1.473"/>
  <testcase classname="com.orangehrm.com.orangehrm.AddEmployeePIM" name="addEmployeWithInValidCharecters" time="7.287">
    <failure type="java.lang.AssertionError" message="❌ Bug: Form accepted invalid characters in name fields and navigated to Personal Details.">
      <![CDATA[java.lang.AssertionError: ❌ Bug: Form accepted invalid characters in name fields and navigated to Personal Details.
at com.orangehrm.com.orangehrm.AddEmployeePIM.addEmployeWithInValidCharecters(AddEmployeePIM.java:58)
at java.base/java.util.ArrayList.forEach(ArrayList.java:1596)
... Removed 26 stack frames]]>
    </failure>
  </testcase> <!-- addEmployeWithInValidCharecters -->
  <testcase classname="com.orangehrm.com.orangehrm.AddEmployeePIM" name="EditEmployee" time="4.611"/>
  <testcase classname="com.orangehrm.com.orangehrm.AddEmployeePIM" name="ValidateEditEmployeeWithSpecialCharecter" time="4.637">
    <failure type="java.lang.AssertionError" message="Bug: Form accepted invalid characters in name fields,Employee id and navigated to Personal Details. expected [false] but found [true]">
      <![CDATA[java.lang.AssertionError: Bug: Form accepted invalid characters in name fields,Employee id and navigated to Personal Details. expected [false] but found [true]
at com.orangehrm.com.orangehrm.AddEmployeePIM.ValidateEditEmployeeWithSpecialCharecter(AddEmployeePIM.java:145)
at java.base/java.util.ArrayList.forEach(ArrayList.java:1596)
... Removed 28 stack frames]]>
    </failure>
  </testcase> <!-- ValidateEditEmployeeWithSpecialCharecter -->
  <testcase classname="com.orangehrm.com.orangehrm.AddEmployeePIM" name="DeleteEmployee" time="2.325"/>
</testsuite> <!-- Add New Employee -->
