<?xml version="1.0" encoding="UTF-8"?>
<!-- Generated by org.testng.reporters.JUnitXMLReporter -->
<testsuite ignored="0" hostname="JoJoZ" failures="2" tests="5" name="ADMIN USER ROLE ASSIGN" time="86.162" errors="0" timestamp="2025-05-15T20:13:34 IST">
  <testcase classname="com.orangehrm.com.orangehrm.AdminAssignRoles" name="addNewEmployeeForAdminUserRole" time="9.126"/>
  <testcase classname="com.orangehrm.com.orangehrm.AdminAssignRoles" name="AssignandViewRoles" time="14.683"/>
  <testcase classname="com.orangehrm.com.orangehrm.AdminAssignRoles" name="EditUserRolewithInvalidCharacters" time="11.697">
    <failure type="java.lang.AssertionError" message="Bug detected: User Role Assigned with Special Charectors.No Validation did not expect [https://opensource-demo.orangehrmlive.com/web/index.php/admin/viewSystemUsers] but found [https://opensource-demo.orangehrmlive.com/web/index.php/admin/viewSystemUsers]">
      <![CDATA[java.lang.AssertionError: Bug detected: User Role Assigned with Special Charectors.No Validation did not expect [https://opensource-demo.orangehrmlive.com/web/index.php/admin/viewSystemUsers] but found [https://opensource-demo.orangehrmlive.com/web/index.php/admin/viewSystemUsers]
at com.orangehrm.com.orangehrm.AdminAssignRoles.EditUserRolewithInvalidCharacters(AdminAssignRoles.java:136)
at java.base/java.util.ArrayList.forEach(ArrayList.java:1596)
... Removed 29 stack frames]]>
    </failure>
  </testcase> <!-- EditUserRolewithInvalidCharacters -->
  <testcase classname="com.orangehrm.com.orangehrm.AdminAssignRoles" name="AssignRoleswithSpecialCharectors" time="11.532">
    <failure type="java.lang.AssertionError" message="Bug detected: User Role Assigned with Special Charectors.No Validation did not expect [https://opensource-demo.orangehrmlive.com/web/index.php/admin/viewSystemUsers] but found [https://opensource-demo.orangehrmlive.com/web/index.php/admin/viewSystemUsers]">
      <![CDATA[java.lang.AssertionError: Bug detected: User Role Assigned with Special Charectors.No Validation did not expect [https://opensource-demo.orangehrmlive.com/web/index.php/admin/viewSystemUsers] but found [https://opensource-demo.orangehrmlive.com/web/index.php/admin/viewSystemUsers]
at com.orangehrm.com.orangehrm.AdminAssignRoles.AssignRoleswithSpecialCharectors(AdminAssignRoles.java:184)
at java.base/java.util.ArrayList.forEach(ArrayList.java:1596)
... Removed 29 stack frames]]>
    </failure>
  </testcase> <!-- AssignRoleswithSpecialCharectors -->
  <testcase classname="com.orangehrm.com.orangehrm.AdminAssignRoles" name="DeleteUserRole" time="6.685"/>
</testsuite> <!-- ADMIN USER ROLE ASSIGN -->
