<?xml version="1.0" encoding="UTF-8"?>
<!-- Generated by org.testng.reporters.JUnitXMLReporter -->
<testsuite ignored="0" hostname="JoJoZ" failures="1" tests="8" name="Login Test with valid credentials" time="58.375" errors="0" timestamp="2025-05-15T20:10:49 IST">
  <testcase classname="com.orangehrm.com.orangehrm.Login" name="ForgotPasswordCancelButton" time="2.375"/>
  <testcase classname="com.orangehrm.com.orangehrm.Login" name="ForgotPasswordValidUsernameCheck" time="3.355">
    <failure type="java.lang.AssertionError" message="❌ Bug: Reset password message shown for invalid username expected [true] but found [false]">
      <![CDATA[java.lang.AssertionError: ❌ Bug: Reset password message shown for invalid username expected [true] but found [false]
at com.orangehrm.com.orangehrm.Login.ForgotPasswordValidUsernameCheck(Login.java:63)
at java.base/java.util.ArrayList.forEach(ArrayList.java:1596)
... Removed 28 stack frames]]>
    </failure>
  </testcase> <!-- ForgotPasswordValidUsernameCheck -->
  <testcase classname="com.orangehrm.com.orangehrm.Login" name="ForgotPasswordwithValidUsername" time="3.588"/>
  <testcase classname="com.orangehrm.com.orangehrm.Login" name="OrangeHrmLoginBothInvalidCredentials" time="2.215"/>
  <testcase classname="com.orangehrm.com.orangehrm.Login" name="OrangeHrmLoginEmptyCredentials" time="0.967"/>
  <testcase classname="com.orangehrm.com.orangehrm.Login" name="OrangeHrmLoginInvalidPassword" time="2.523"/>
  <testcase classname="com.orangehrm.com.orangehrm.Login" name="OrangeHrmLoginInvalidUsername" time="2.228"/>
  <testcase classname="com.orangehrm.com.orangehrm.Login" name="OrangeHrmLoginValidCredentials" time="2.617"/>
</testsuite> <!-- Login Test with valid credentials -->
